Using pre-set license
Built from '2020.3/release' branch; Version is '2020.3.12f1 (b3b2c6512326) revision 11776710'; Using compiler version '192528614'; Build Type 'Release'
OS: 'Windows 10 Home Single Language; OS build 19045.2728; Version 2009; 64bit' Language: 'en' Physical Memory: 8072 MB
BatchMode: 1, IsHumanControllingUs: 0, StartBugReporterOnCrash: 0, Is64bit: 1, IsPro: 0

 COMMAND LINE ARGUMENTS:
C:\Program Files (x86)\Unity Editors\2020.3.12f1\Editor\Unity.exe
-adb2
-batchMode
-noUpm
-name
AssetImportWorker0
-projectPath
C:/Users/wil15/Documents/GitHub/Element-TD/ElementTDRemake
-logFile
Logs/AssetImportWorker0.log
-srvPort
51892
Successfully changed project path to: C:/Users/wil15/Documents/GitHub/Element-TD/ElementTDRemake
C:/Users/wil15/Documents/GitHub/Element-TD/ElementTDRemake
Using Asset Import Pipeline V2.
Refreshing native plugins compatible for Editor in 64.11 ms, found 2 plugins.
Preloading 0 native plugins for Editor in 0.00 ms.
Initialize engine version: 2020.3.12f1 (b3b2c6512326)
[Subsystems] Discovering subsystems at path C:/Program Files (x86)/Unity Editors/2020.3.12f1/Editor/Data/Resources/UnitySubsystems
[Subsystems] Discovering subsystems at path C:/Users/wil15/Documents/GitHub/Element-TD/ElementTDRemake/Assets
GfxDevice: creating device client; threaded=0
Direct3D:
    Version:  Direct3D 11.0 [level 11.1]
    Renderer: NVIDIA GeForce GTX 1050 (ID=0x1c91)
    Vendor:   
    VRAM:     2996 MB
    Driver:   27.21.14.5749
Initialize mono
Mono path[0] = 'C:/Program Files (x86)/Unity Editors/2020.3.12f1/Editor/Data/Managed'
Mono path[1] = 'C:/Program Files (x86)/Unity Editors/2020.3.12f1/Editor/Data/MonoBleedingEdge/lib/mono/unityjit'
Mono config path = 'C:/Program Files (x86)/Unity Editors/2020.3.12f1/Editor/Data/MonoBleedingEdge/etc'
Using monoOptions --debugger-agent=transport=dt_socket,embedding=1,server=y,suspend=n,address=127.0.0.1:56260
Begin MonoManager ReloadAssembly
Registering precompiled unity dll's ...
Register platform support module: C:/Program Files (x86)/Unity Editors/2020.3.12f1/Editor/Data/PlaybackEngines/WindowsStandaloneSupport/UnityEditor.WindowsStandalone.Extensions.dll
Registered in 0.007234 seconds.
Native extension for WindowsStandalone target not found
Refreshing native plugins compatible for Editor in 45.07 ms, found 2 plugins.
Preloading 0 native plugins for Editor in 0.00 ms.
Mono: successfully reloaded assembly
- Completed reload, in  2.157 seconds
Platform modules already initialized, skipping
Registering precompiled user dll's ...
Registered in 0.006349 seconds.
Begin MonoManager ReloadAssembly
Native extension for WindowsStandalone target not found
Refreshing native plugins compatible for Editor in 1.68 ms, found 2 plugins.
Preloading 0 native plugins for Editor in 0.00 ms.
Mono: successfully reloaded assembly
- Completed reload, in  1.202 seconds
Platform modules already initialized, skipping
========================================================================
Worker process is ready to serve import requests
Launched and connected shader compiler UnityShaderCompiler.exe after 0.05 seconds
Refreshing native plugins compatible for Editor in 0.58 ms, found 2 plugins.
Preloading 0 native plugins for Editor in 0.00 ms.
Unloading 1967 Unused Serialized files (Serialized files now loaded: 0)
System memory in use before: 80.9 MB.
System memory in use after: 81.0 MB.

Unloading 58 unused Assets to reduce memory usage. Loaded Objects now: 2373.
Total: 5.278500 ms (FindLiveObjects: 0.186700 ms CreateObjectMapping: 0.073700 ms MarkObjects: 4.943800 ms  DeleteObjects: 0.073200 ms)

AssetImportParameters requested are different than current active one (requested -> active):
  custom:framework-win-MediaFoundation: 216162199b28c13a410421893ffa2e32 -> 
  custom:video-decoder-ogg-theora: a1e56fd34408186e4bbccfd4996cb3dc -> 
  custom:container-muxer-webm: aa71ff27fc2769a1b78a27578f13a17b -> 
  custom:container-demuxer-webm: 4f35f7cbe854078d1ac9338744f61a02 -> 
  custom:container-demuxer-ogg: 62fdf1f143b41e24485cea50d1cbac27 -> 
  custom:video-encoder-webm-vp8: eb34c28f22e8b96e1ab97ce403110664 -> 
  custom:video-decoder-webm-vp8: 9c59270c3fd7afecdb556c50c9e8de78 -> 
  custom:audio-decoder-ogg-vorbis: bf7c407c2cedff20999df2af8eb42d56 -> 
  custom:audio-encoder-webm-vorbis: bf7c407c2cedff20999df2af8eb42d56 -> 
========================================================================
Received Import Request.
  path: Assets/Prefabs/Bullets/Bullet.prefab
  artifactKey: Guid(085647db17acfbb4292fe73ed9171486) Importer(815301076,1909f56bfc062723c751e8b465ee728b)
Start importing Assets/Prefabs/Bullets/Bullet.prefab using Guid(085647db17acfbb4292fe73ed9171486) Importer(815301076,1909f56bfc062723c751e8b465ee728b)  -> (artifact id: '465f90f76dbbbea75b036a30054bca7c') in 0.111317 seconds 
  Import took 0.114353 seconds .

========================================================================
Received Import Request.
  Time since last request: 0.000345 seconds.
  path: Assets/Prefabs/Bullets/Boulder.prefab
  artifactKey: Guid(854596af630c61541b3067e0c10a2b16) Importer(815301076,1909f56bfc062723c751e8b465ee728b)
Start importing Assets/Prefabs/Bullets/Boulder.prefab using Guid(854596af630c61541b3067e0c10a2b16) Importer(815301076,1909f56bfc062723c751e8b465ee728b)  -> (artifact id: '27304e3238b972998fa5e9743882904b') in 0.009631 seconds 
  Import took 0.012967 seconds .

========================================================================
Received Import Request.
  Time since last request: 89.203461 seconds.
  path: Assets/Prefabs/Bullets/Boulder.prefab
  artifactKey: Guid(854596af630c61541b3067e0c10a2b16) Importer(815301076,1909f56bfc062723c751e8b465ee728b)
Start importing Assets/Prefabs/Bullets/Boulder.prefab using Guid(854596af630c61541b3067e0c10a2b16) Importer(815301076,1909f56bfc062723c751e8b465ee728b)  -> (artifact id: 'ff9a36e31d8f6025cad781c8c0cae3df') in 0.008580 seconds 
  Import took 0.012093 seconds .

========================================================================
Received Import Request.
  Time since last request: 13.599454 seconds.
  path: Assets/Prefabs/Bullets/Boulder.prefab
  artifactKey: Guid(854596af630c61541b3067e0c10a2b16) Importer(815301076,1909f56bfc062723c751e8b465ee728b)
Start importing Assets/Prefabs/Bullets/Boulder.prefab using Guid(854596af630c61541b3067e0c10a2b16) Importer(815301076,1909f56bfc062723c751e8b465ee728b)  -> (artifact id: 'd77c736dead4d6830d4cb60f267c1fd7') in 0.009231 seconds 
  Import took 0.012634 seconds .

========================================================================
Received Import Request.
  Time since last request: 3.606482 seconds.
  path: Assets/Prefabs/Bullets/Boulder.prefab
  artifactKey: Guid(854596af630c61541b3067e0c10a2b16) Importer(815301076,1909f56bfc062723c751e8b465ee728b)
Start importing Assets/Prefabs/Bullets/Boulder.prefab using Guid(854596af630c61541b3067e0c10a2b16) Importer(815301076,1909f56bfc062723c751e8b465ee728b)  -> (artifact id: 'e69f9d03a0a2a5ce19ac67f9d2c1639f') in 0.009053 seconds 
  Import took 0.012930 seconds .

========================================================================
Received Import Request.
  Time since last request: 0.596437 seconds.
  path: Assets/Prefabs/Bullets/Boulder.prefab
  artifactKey: Guid(854596af630c61541b3067e0c10a2b16) Importer(815301076,1909f56bfc062723c751e8b465ee728b)
Start importing Assets/Prefabs/Bullets/Boulder.prefab using Guid(854596af630c61541b3067e0c10a2b16) Importer(815301076,1909f56bfc062723c751e8b465ee728b)  -> (artifact id: 'e5017c2e137dbe06fe4a0dfbc272f4eb') in 0.007563 seconds 
  Import took 0.012375 seconds .

========================================================================
Received Import Request.
  Time since last request: 0.793372 seconds.
  path: Assets/Prefabs/Bullets/Boulder.prefab
  artifactKey: Guid(854596af630c61541b3067e0c10a2b16) Importer(815301076,1909f56bfc062723c751e8b465ee728b)
Start importing Assets/Prefabs/Bullets/Boulder.prefab using Guid(854596af630c61541b3067e0c10a2b16) Importer(815301076,1909f56bfc062723c751e8b465ee728b)  -> (artifact id: '92060d1f86738c48446fc7039bf84494') in 0.009307 seconds 
  Import took 0.012450 seconds .

========================================================================
Received Import Request.
  Time since last request: 2.620874 seconds.
  path: Assets/Prefabs/Bullets/Boulder.prefab
  artifactKey: Guid(854596af630c61541b3067e0c10a2b16) Importer(815301076,1909f56bfc062723c751e8b465ee728b)
Start importing Assets/Prefabs/Bullets/Boulder.prefab using Guid(854596af630c61541b3067e0c10a2b16) Importer(815301076,1909f56bfc062723c751e8b465ee728b)  -> (artifact id: '58148cf39eb4fa9a9762f0d9e3cc1dce') in 0.008989 seconds 
  Import took 0.012387 seconds .

========================================================================
Received Import Request.
  Time since last request: 30.485609 seconds.
  path: Assets/Prefabs/Bullets/Boulder.prefab
  artifactKey: Guid(854596af630c61541b3067e0c10a2b16) Importer(815301076,1909f56bfc062723c751e8b465ee728b)
Start importing Assets/Prefabs/Bullets/Boulder.prefab using Guid(854596af630c61541b3067e0c10a2b16) Importer(815301076,1909f56bfc062723c751e8b465ee728b)  -> (artifact id: 'd1f7f255485c2a3e96faaca1cfc268da') in 0.010271 seconds 
  Import took 0.014302 seconds .

========================================================================
Received Import Request.
  Time since last request: 1.603827 seconds.
  path: Assets/Prefabs/Bullets/Boulder.prefab
  artifactKey: Guid(854596af630c61541b3067e0c10a2b16) Importer(815301076,1909f56bfc062723c751e8b465ee728b)
Start importing Assets/Prefabs/Bullets/Boulder.prefab using Guid(854596af630c61541b3067e0c10a2b16) Importer(815301076,1909f56bfc062723c751e8b465ee728b)  -> (artifact id: 'd22c47270d8156fd418ffbe7dfe31327') in 0.008014 seconds 
  Import took 0.013208 seconds .

========================================================================
Received Import Request.
  Time since last request: 9.772172 seconds.
  path: Assets/Scripts/Blackhole.cs
  artifactKey: Guid(ddcc7e0a0229bc24d86a9818864d635a) Importer(815301076,1909f56bfc062723c751e8b465ee728b)
Start importing Assets/Scripts/Blackhole.cs using Guid(ddcc7e0a0229bc24d86a9818864d635a) Importer(815301076,1909f56bfc062723c751e8b465ee728b)  -> (artifact id: '9ec58bc8c5806ba4c877e83ba7449c24') in 0.018079 seconds 
  Import took 0.021990 seconds .

========================================================================
Received Import Request.
  Time since last request: 0.002086 seconds.
  path: Assets/Scripts/Blackhole.cs
  artifactKey: Guid(ddcc7e0a0229bc24d86a9818864d635a) Importer(815301076,1909f56bfc062723c751e8b465ee728b)
Start importing Assets/Scripts/Blackhole.cs using Guid(ddcc7e0a0229bc24d86a9818864d635a) Importer(815301076,1909f56bfc062723c751e8b465ee728b)  -> (artifact id: '9ec58bc8c5806ba4c877e83ba7449c24') in 0.002369 seconds 
  Import took 0.005721 seconds .

========================================================================
Received Import Request.
  Time since last request: 13.833360 seconds.
  path: Assets/Prefabs/Bullets/Boulder.prefab
  artifactKey: Guid(854596af630c61541b3067e0c10a2b16) Importer(815301076,1909f56bfc062723c751e8b465ee728b)
Start importing Assets/Prefabs/Bullets/Boulder.prefab using Guid(854596af630c61541b3067e0c10a2b16) Importer(815301076,1909f56bfc062723c751e8b465ee728b)  -> (artifact id: '40248f2632624636349ed8f22dffcee9') in 0.008427 seconds 
  Import took 0.011356 seconds .

========================================================================
Received Import Request.
  Time since last request: 10.164932 seconds.
  path: Assets/Scripts/Turret.cs
  artifactKey: Guid(89e58e17ccca86642a73d908b186c94d) Importer(815301076,1909f56bfc062723c751e8b465ee728b)
Start importing Assets/Scripts/Turret.cs using Guid(89e58e17ccca86642a73d908b186c94d) Importer(815301076,1909f56bfc062723c751e8b465ee728b)  -> (artifact id: '30f3abd7d8df09aca8aae109d8303499') in 0.002276 seconds 
  Import took 0.005116 seconds .

========================================================================
Received Import Request.
  Time since last request: 0.002108 seconds.
  path: Assets/Scripts/Turret.cs
  artifactKey: Guid(89e58e17ccca86642a73d908b186c94d) Importer(815301076,1909f56bfc062723c751e8b465ee728b)
Start importing Assets/Scripts/Turret.cs using Guid(89e58e17ccca86642a73d908b186c94d) Importer(815301076,1909f56bfc062723c751e8b465ee728b)  -> (artifact id: '30f3abd7d8df09aca8aae109d8303499') in 0.001914 seconds 
  Import took 0.005537 seconds .

========================================================================
Received Import Request.
  Time since last request: 11.105448 seconds.
  path: Assets/Scripts/SceneFader.cs
  artifactKey: Guid(70ed8cdf186d687418b7eb1f51756d53) Importer(815301076,1909f56bfc062723c751e8b465ee728b)
Start importing Assets/Scripts/SceneFader.cs using Guid(70ed8cdf186d687418b7eb1f51756d53) Importer(815301076,1909f56bfc062723c751e8b465ee728b)  -> (artifact id: '9b8876cd2cd50d92e54b5ddd5828da66') in 0.002263 seconds 
  Import took 0.005890 seconds .

========================================================================
Received Import Request.
  Time since last request: 3.444231 seconds.
  path: Assets/Scripts/Shop.cs
  artifactKey: Guid(ec756b43a7b10f04a95d2ba7095065e8) Importer(815301076,1909f56bfc062723c751e8b465ee728b)
Start importing Assets/Scripts/Shop.cs using Guid(ec756b43a7b10f04a95d2ba7095065e8) Importer(815301076,1909f56bfc062723c751e8b465ee728b)  -> (artifact id: '3139a354f39e2695fff446342bb9965f') in 0.002294 seconds 
  Import took 0.005373 seconds .

========================================================================
Received Prepare
Registering precompiled user dll's ...
Registered in 0.008578 seconds.
Begin MonoManager ReloadAssembly
Native extension for WindowsStandalone target not found
Refreshing native plugins compatible for Editor in 0.61 ms, found 2 plugins.
Preloading 0 native plugins for Editor in 0.00 ms.
Mono: successfully reloaded assembly
- Completed reload, in  1.018 seconds
Platform modules already initialized, skipping
Refreshing native plugins compatible for Editor in 0.65 ms, found 2 plugins.
Preloading 0 native plugins for Editor in 0.00 ms.
Unloading 1961 Unused Serialized files (Serialized files now loaded: 0)
System memory in use before: 83.8 MB.
System memory in use after: 83.9 MB.

Unloading 49 unused Assets to reduce memory usage. Loaded Objects now: 2385.
Total: 5.118700 ms (FindLiveObjects: 0.196500 ms CreateObjectMapping: 0.076800 ms MarkObjects: 4.816700 ms  DeleteObjects: 0.027700 ms)

AssetImportParameters requested are different than current active one (requested -> active):
  custom:framework-win-MediaFoundation: 216162199b28c13a410421893ffa2e32 -> 
  custom:video-decoder-ogg-theora: a1e56fd34408186e4bbccfd4996cb3dc -> 
  custom:container-muxer-webm: aa71ff27fc2769a1b78a27578f13a17b -> 
  custom:container-demuxer-webm: 4f35f7cbe854078d1ac9338744f61a02 -> 
  custom:container-demuxer-ogg: 62fdf1f143b41e24485cea50d1cbac27 -> 
  custom:video-encoder-webm-vp8: eb34c28f22e8b96e1ab97ce403110664 -> 
  custom:video-decoder-webm-vp8: 9c59270c3fd7afecdb556c50c9e8de78 -> 
  custom:audio-decoder-ogg-vorbis: bf7c407c2cedff20999df2af8eb42d56 -> 
  custom:audio-encoder-webm-vorbis: bf7c407c2cedff20999df2af8eb42d56 -> 
========================================================================
Received Import Request.
  Time since last request: 94.931060 seconds.
  path: Assets/Prefabs/Bullets/Boulder.prefab
  artifactKey: Guid(854596af630c61541b3067e0c10a2b16) Importer(815301076,1909f56bfc062723c751e8b465ee728b)
Start importing Assets/Prefabs/Bullets/Boulder.prefab using Guid(854596af630c61541b3067e0c10a2b16) Importer(815301076,1909f56bfc062723c751e8b465ee728b)  -> (artifact id: '01c03f750c08974d9b9009ddcbfff590') in 0.043984 seconds 
  Import took 0.046899 seconds .

========================================================================
Received Prepare
Registering precompiled user dll's ...
Registered in 0.006624 seconds.
Begin MonoManager ReloadAssembly
Native extension for WindowsStandalone target not found
Refreshing native plugins compatible for Editor in 0.80 ms, found 2 plugins.
Preloading 0 native plugins for Editor in 0.00 ms.
Mono: successfully reloaded assembly
- Completed reload, in  1.094 seconds
Platform modules already initialized, skipping
Refreshing native plugins compatible for Editor in 0.60 ms, found 2 plugins.
Preloading 0 native plugins for Editor in 0.00 ms.
Unloading 1961 Unused Serialized files (Serialized files now loaded: 0)
System memory in use before: 83.8 MB.
System memory in use after: 84.0 MB.

Unloading 49 unused Assets to reduce memory usage. Loaded Objects now: 2389.
Total: 6.596700 ms (FindLiveObjects: 0.185100 ms CreateObjectMapping: 0.057400 ms MarkObjects: 6.320700 ms  DeleteObjects: 0.032100 ms)

AssetImportParameters requested are different than current active one (requested -> active):
  custom:framework-win-MediaFoundation: 216162199b28c13a410421893ffa2e32 -> 
  custom:video-decoder-ogg-theora: a1e56fd34408186e4bbccfd4996cb3dc -> 
  custom:container-muxer-webm: aa71ff27fc2769a1b78a27578f13a17b -> 
  custom:container-demuxer-webm: 4f35f7cbe854078d1ac9338744f61a02 -> 
  custom:container-demuxer-ogg: 62fdf1f143b41e24485cea50d1cbac27 -> 
  custom:video-encoder-webm-vp8: eb34c28f22e8b96e1ab97ce403110664 -> 
  custom:video-decoder-webm-vp8: 9c59270c3fd7afecdb556c50c9e8de78 -> 
  custom:audio-decoder-ogg-vorbis: bf7c407c2cedff20999df2af8eb42d56 -> 
  custom:audio-encoder-webm-vorbis: bf7c407c2cedff20999df2af8eb42d56 -> 
========================================================================
Received Prepare
Registering precompiled user dll's ...
Registered in 0.005995 seconds.
Begin MonoManager ReloadAssembly
Native extension for WindowsStandalone target not found
Refreshing native plugins compatible for Editor in 0.61 ms, found 2 plugins.
Preloading 0 native plugins for Editor in 0.00 ms.
Mono: successfully reloaded assembly
- Completed reload, in  1.047 seconds
Platform modules already initialized, skipping
Refreshing native plugins compatible for Editor in 0.73 ms, found 2 plugins.
Preloading 0 native plugins for Editor in 0.00 ms.
Unloading 1961 Unused Serialized files (Serialized files now loaded: 0)
System memory in use before: 83.9 MB.
System memory in use after: 84.0 MB.

Unloading 49 unused Assets to reduce memory usage. Loaded Objects now: 2392.
Total: 5.411000 ms (FindLiveObjects: 0.176100 ms CreateObjectMapping: 0.069600 ms MarkObjects: 5.138200 ms  DeleteObjects: 0.025900 ms)

AssetImportParameters requested are different than current active one (requested -> active):
  custom:framework-win-MediaFoundation: 216162199b28c13a410421893ffa2e32 -> 
  custom:video-decoder-ogg-theora: a1e56fd34408186e4bbccfd4996cb3dc -> 
  custom:container-muxer-webm: aa71ff27fc2769a1b78a27578f13a17b -> 
  custom:container-demuxer-webm: 4f35f7cbe854078d1ac9338744f61a02 -> 
  custom:container-demuxer-ogg: 62fdf1f143b41e24485cea50d1cbac27 -> 
  custom:video-encoder-webm-vp8: eb34c28f22e8b96e1ab97ce403110664 -> 
  custom:video-decoder-webm-vp8: 9c59270c3fd7afecdb556c50c9e8de78 -> 
  custom:audio-decoder-ogg-vorbis: bf7c407c2cedff20999df2af8eb42d56 -> 
  custom:audio-encoder-webm-vorbis: bf7c407c2cedff20999df2af8eb42d56 -> 
========================================================================
Received Import Request.
  Time since last request: 240.756968 seconds.
  path: Assets/Prefabs/Bullets/Boulder.prefab
  artifactKey: Guid(854596af630c61541b3067e0c10a2b16) Importer(815301076,1909f56bfc062723c751e8b465ee728b)
Start importing Assets/Prefabs/Bullets/Boulder.prefab using Guid(854596af630c61541b3067e0c10a2b16) Importer(815301076,1909f56bfc062723c751e8b465ee728b)  -> (artifact id: 'aee731c33591862df9fffa84f0324ae5') in 0.061845 seconds 
  Import took 0.067049 seconds .

========================================================================
Received Prepare
Registering precompiled user dll's ...
Registered in 0.007067 seconds.
Begin MonoManager ReloadAssembly
Native extension for WindowsStandalone target not found
Refreshing native plugins compatible for Editor in 0.63 ms, found 2 plugins.
Preloading 0 native plugins for Editor in 0.00 ms.
Mono: successfully reloaded assembly
- Completed reload, in  1.006 seconds
Platform modules already initialized, skipping
Refreshing native plugins compatible for Editor in 0.62 ms, found 2 plugins.
Preloading 0 native plugins for Editor in 0.00 ms.
Unloading 1961 Unused Serialized files (Serialized files now loaded: 0)
System memory in use before: 83.9 MB.
System memory in use after: 84.0 MB.

Unloading 49 unused Assets to reduce memory usage. Loaded Objects now: 2396.
Total: 5.417700 ms (FindLiveObjects: 0.180500 ms CreateObjectMapping: 0.056700 ms MarkObjects: 5.149400 ms  DeleteObjects: 0.030400 ms)

AssetImportParameters requested are different than current active one (requested -> active):
  custom:framework-win-MediaFoundation: 216162199b28c13a410421893ffa2e32 -> 
  custom:video-decoder-ogg-theora: a1e56fd34408186e4bbccfd4996cb3dc -> 
  custom:container-muxer-webm: aa71ff27fc2769a1b78a27578f13a17b -> 
  custom:container-demuxer-webm: 4f35f7cbe854078d1ac9338744f61a02 -> 
  custom:container-demuxer-ogg: 62fdf1f143b41e24485cea50d1cbac27 -> 
  custom:video-encoder-webm-vp8: eb34c28f22e8b96e1ab97ce403110664 -> 
  custom:video-decoder-webm-vp8: 9c59270c3fd7afecdb556c50c9e8de78 -> 
  custom:audio-decoder-ogg-vorbis: bf7c407c2cedff20999df2af8eb42d56 -> 
  custom:audio-encoder-webm-vorbis: bf7c407c2cedff20999df2af8eb42d56 -> 
========================================================================
Received Import Request.
  Time since last request: 26.114855 seconds.
  path: Assets/Prefabs/Bullets/Boulder.prefab
  artifactKey: Guid(854596af630c61541b3067e0c10a2b16) Importer(815301076,1909f56bfc062723c751e8b465ee728b)
Start importing Assets/Prefabs/Bullets/Boulder.prefab using Guid(854596af630c61541b3067e0c10a2b16) Importer(815301076,1909f56bfc062723c751e8b465ee728b)  -> (artifact id: 'a00b3566485e780799757233214ce554') in 0.044698 seconds 
  Import took 0.047833 seconds .

========================================================================
Received Prepare
Registering precompiled user dll's ...
Registered in 0.010107 seconds.
Begin MonoManager ReloadAssembly
Native extension for WindowsStandalone target not found
Refreshing native plugins compatible for Editor in 1.48 ms, found 2 plugins.
Preloading 0 native plugins for Editor in 0.00 ms.
Mono: successfully reloaded assembly
- Completed reload, in  1.843 seconds
Platform modules already initialized, skipping
Refreshing native plugins compatible for Editor in 0.89 ms, found 2 plugins.
Preloading 0 native plugins for Editor in 0.00 ms.
Unloading 1961 Unused Serialized files (Serialized files now loaded: 0)
System memory in use before: 83.9 MB.
System memory in use after: 84.0 MB.

Unloading 49 unused Assets to reduce memory usage. Loaded Objects now: 2400.
Total: 15.597400 ms (FindLiveObjects: 0.366800 ms CreateObjectMapping: 0.134500 ms MarkObjects: 15.023100 ms  DeleteObjects: 0.070700 ms)

AssetImportParameters requested are different than current active one (requested -> active):
  custom:framework-win-MediaFoundation: 216162199b28c13a410421893ffa2e32 -> 
  custom:video-decoder-ogg-theora: a1e56fd34408186e4bbccfd4996cb3dc -> 
  custom:container-muxer-webm: aa71ff27fc2769a1b78a27578f13a17b -> 
  custom:container-demuxer-webm: 4f35f7cbe854078d1ac9338744f61a02 -> 
  custom:container-demuxer-ogg: 62fdf1f143b41e24485cea50d1cbac27 -> 
  custom:video-encoder-webm-vp8: eb34c28f22e8b96e1ab97ce403110664 -> 
  custom:video-decoder-webm-vp8: 9c59270c3fd7afecdb556c50c9e8de78 -> 
  custom:audio-decoder-ogg-vorbis: bf7c407c2cedff20999df2af8eb42d56 -> 
  custom:audio-encoder-webm-vorbis: bf7c407c2cedff20999df2af8eb42d56 -> 
